<?xml version="1.0" encoding="UTF-8"?>
<testng-results ignored="0" total="2" passed="2" failed="0" skipped="0">
  <reporter-output>
  </reporter-output>
  <suite started-at="2022-09-08T23:16:30 IST" name="Cucumber Automation Suite" finished-at="2022-09-08T23:16:49 IST" duration-ms="18931">
    <groups>
      <group name="cucumber">
        <method signature="AbstractTestNGCucumberTests.runScenario(io.cucumber.testng.PickleWrapper,io.cucumber.testng.FeatureWrapper)[pri:0, instance:com.cucumber.pom.Runner.TestRunner@194bcebf]" name="runScenario" class="io.cucumber.testng.AbstractTestNGCucumberTests"/>
      </group> <!-- cucumber -->
    </groups>
    <test started-at="2022-09-08T23:16:30 IST" name="Complete Test Run" finished-at="2022-09-08T23:16:49 IST" duration-ms="18931">
      <class name="com.cucumber.pom.Runner.TestRunner">
        <test-method is-config="true" signature="setUpClass(org.testng.ITestContext)[pri:0, instance:com.cucumber.pom.Runner.TestRunner@194bcebf]" started-at="2022-09-08T23:16:30 IST" name="setUpClass" finished-at="2022-09-08T23:16:30 IST" duration-ms="369" status="PASS">
          <params>
            <param index="0">
              <value>
                <![CDATA[org.testng.TestRunner@741ac284]]>
              </value>
            </param>
          </params>
          <reporter-output>
          </reporter-output>
        </test-method> <!-- setUpClass -->
        <test-method signature="runScenario(io.cucumber.testng.PickleWrapper,io.cucumber.testng.FeatureWrapper)[pri:0, instance:com.cucumber.pom.Runner.TestRunner@194bcebf]" started-at="2022-09-08T23:16:30 IST" name="runScenario" description="Runs Cucumber Scenarios" data-provider="scenarios" finished-at="2022-09-08T23:16:41 IST" duration-ms="10651" status="PASS">
          <params>
            <param index="0">
              <value>
                <![CDATA["Add Stock"]]>
              </value>
            </param>
            <param index="1">
              <value>
                <![CDATA["Rediff Money Stock Operations"]]>
              </value>
            </param>
          </params>
          <reporter-output>
          </reporter-output>
        </test-method> <!-- runScenario -->
        <test-method signature="runScenario(io.cucumber.testng.PickleWrapper,io.cucumber.testng.FeatureWrapper)[pri:0, instance:com.cucumber.pom.Runner.TestRunner@194bcebf]" started-at="2022-09-08T23:16:41 IST" name="runScenario" description="Runs Cucumber Scenarios" data-provider="scenarios" finished-at="2022-09-08T23:16:49 IST" duration-ms="7837" status="PASS">
          <params>
            <param index="0">
              <value>
                <![CDATA["Delete Stock"]]>
              </value>
            </param>
            <param index="1">
              <value>
                <![CDATA["Rediff Money Stock Operations"]]>
              </value>
            </param>
          </params>
          <reporter-output>
          </reporter-output>
        </test-method> <!-- runScenario -->
        <test-method is-config="true" signature="tearDownClass()[pri:0, instance:com.cucumber.pom.Runner.TestRunner@194bcebf]" started-at="2022-09-08T23:16:49 IST" name="tearDownClass" finished-at="2022-09-08T23:16:49 IST" duration-ms="15" status="PASS">
          <reporter-output>
          </reporter-output>
        </test-method> <!-- tearDownClass -->
      </class> <!-- com.cucumber.pom.Runner.TestRunner -->
    </test> <!-- Complete Test Run -->
  </suite> <!-- Cucumber Automation Suite -->
</testng-results>
