<?xml version="1.0" encoding="UTF-8"?>
<!-- Generated by org.testng.reporters.JUnitReportReporter -->
<testsuite hostname="LAPTOP-MIBHCKO2" failures="1" tests="5" name="com.cucumber.pom.Runner.TestRunner" time="138.745" errors="0" timestamp="2022-09-10T12:23:53 IST" skipped="0">
  <testcase classname="com.cucumber.pom.Runner.TestRunner" name="runScenario" time="7.833"/>
  <system-out/>
  <testcase classname="com.cucumber.pom.Runner.TestRunner" name="runScenario" time="22.154"/>
  <system-out/>
  <testcase classname="com.cucumber.pom.Runner.TestRunner" name="runScenario" time="46.455">
    <failure message="Unable to select Portfolio...timeout: Timed out receiving message from renderer: 40.000
  (Session info: chrome=105.0.5195.102)
Build info: version: &#039;3.141.59&#039;, revision: &#039;e82be7d358&#039;, time: &#039;2018-11-14T08:17:03&#039;
System info: host: &#039;LAPTOP-MIBHCKO2&#039;, ip: &#039;192.168.1.102&#039;, os.name: &#039;Windows 11&#039;, os.arch: &#039;amd64&#039;, os.version: &#039;10.0&#039;, java.version: &#039;11.0.15&#039;
Driver info: org.openqa.selenium.chrome.ChromeDriver
Capabilities {acceptInsecureCerts: false, browserName: chrome, browserVersion: 105.0.5195.102, chrome: {chromedriverVersion: 105.0.5195.52 (412c95e51883..., userDataDir: C:\Users\pushk\AppData\Loca...}, goog:chromeOptions: {debuggerAddress: localhost:51463}, javascriptEnabled: true, networkConnectionEnabled: false, pageLoadStrategy: normal, platform: WINDOWS, platformName: WINDOWS, proxy: Proxy(), setWindowRect: true, strictFileInteractability: false, timeouts: {implicit: 0, pageLoad: 300000, script: 30000}, unhandledPromptBehavior: dismiss and notify, webauthn:extension:credBlob: true, webauthn:extension:largeBlob: true, webauthn:virtualAuthenticators: true}
Session ID: 7ac5e12ee0ed17f027003b4c42ed6b06" type="java.lang.AssertionError">
      <![CDATA[java.lang.AssertionError: Unable to select Portfolio...timeout: Timed out receiving message from renderer: 40.000
  (Session info: chrome=105.0.5195.102)
Build info: version: '3.141.59', revision: 'e82be7d358', time: '2018-11-14T08:17:03'
System info: host: 'LAPTOP-MIBHCKO2', ip: '192.168.1.102', os.name: 'Windows 11', os.arch: 'amd64', os.version: '10.0', java.version: '11.0.15'
Driver info: org.openqa.selenium.chrome.ChromeDriver
Capabilities {acceptInsecureCerts: false, browserName: chrome, browserVersion: 105.0.5195.102, chrome: {chromedriverVersion: 105.0.5195.52 (412c95e51883..., userDataDir: C:\Users\pushk\AppData\Loca...}, goog:chromeOptions: {debuggerAddress: localhost:51463}, javascriptEnabled: true, networkConnectionEnabled: false, pageLoadStrategy: normal, platform: WINDOWS, platformName: WINDOWS, proxy: Proxy(), setWindowRect: true, strictFileInteractability: false, timeouts: {implicit: 0, pageLoad: 300000, script: 30000}, unhandledPromptBehavior: dismiss and notify, webauthn:extension:credBlob: true, webauthn:extension:largeBlob: true, webauthn:virtualAuthenticators: true}
Session ID: 7ac5e12ee0ed17f027003b4c42ed6b06
at org.testng.Assert.fail(Assert.java:99)
at com.cucumber.pom.Pages.MyPortfolioPage.selectPortfolio(MyPortfolioPage.java:137)
at com.cucumber.pom.StepDefinitions.Portfolio.selectPortfolio(Portfolio.java:63)
at ✽.User selects portfolio from Portfolio list"Portfolio4"(file:///C:/Users/pushk/git/repository/MyRepository/RediffMoneyCucumberPOM/src/test/resources/Features/Portfolio.feature:40)
]]>
    </failure>
  </testcase> <!-- runScenario -->
  <system-out/>
  <testcase classname="com.cucumber.pom.Runner.TestRunner" name="runScenario" time="52.627"/>
  <system-out/>
  <testcase classname="com.cucumber.pom.Runner.TestRunner" name="runScenario" time="9.676"/>
  <system-out/>
</testsuite> <!-- com.cucumber.pom.Runner.TestRunner -->
